\BOOKMARK [0][-]{chapter.1}{Notizen}{}% 1
\BOOKMARK [1][-]{section.1.1}{Analysen emotionaler Prosodie, Beate Wendt, 2007}{chapter.1}% 2
\BOOKMARK [0][-]{chapter.2}{Einf\374hrung}{}% 3
\BOOKMARK [0][-]{chapter.3}{Stand der Forschung}{}% 4
\BOOKMARK [1][-]{section.3.1}{Deutsch - Armenisch: eine sprachliche Gegen\374berstellung}{chapter.3}% 5
\BOOKMARK [1][-]{section.3.2}{Interkulturelle Zusammenh\344nge in der Emotionswahrnehmung}{chapter.3}% 6
\BOOKMARK [1][-]{section.3.3}{Sprachperzeption}{chapter.3}% 7
\BOOKMARK [1][-]{section.3.4}{Emotion in Sprache}{chapter.3}% 8
\BOOKMARK [1][-]{section.3.5}{Prosodie}{chapter.3}% 9
\BOOKMARK [1][-]{section.3.6}{Akustische Merkmale}{chapter.3}% 10
\BOOKMARK [2][-]{subsection.3.6.1}{Grundfrequenz}{section.3.6}% 11
\BOOKMARK [2][-]{subsection.3.6.2}{Sprachtempo}{section.3.6}% 12
\BOOKMARK [2][-]{subsection.3.6.3}{Intensit\344t}{section.3.6}% 13
\BOOKMARK [1][-]{section.3.7}{Interkulturelle Emotionswahrnehmung}{chapter.3}% 14
\BOOKMARK [1][-]{section.3.8}{Diskussion}{chapter.3}% 15
\BOOKMARK [0][-]{chapter.4}{Emotion und Sprache - das Experiment}{}% 16
\BOOKMARK [1][-]{section.4.1}{Phonetik und Phonologie der armenischen Sprache}{chapter.4}% 17
\BOOKMARK [1][-]{section.4.2}{Motivation}{chapter.4}% 18
\BOOKMARK [1][-]{section.4.3}{Methodik}{chapter.4}% 19
\BOOKMARK [2][-]{subsection.4.3.1}{Auswahl der Merkmale}{section.4.3}% 20
\BOOKMARK [2][-]{subsection.4.3.2}{Auswahl des Sprachkorpus}{section.4.3}% 21
\BOOKMARK [1][-]{section.4.4}{Pseudow\366rter}{chapter.4}% 22
\BOOKMARK [1][-]{section.4.5}{Stimuli}{chapter.4}% 23
\BOOKMARK [2][-]{subsection.4.5.1}{Wortauswahl}{section.4.5}% 24
\BOOKMARK [2][-]{subsection.4.5.2}{Werkzeuge: eigene und bestehende}{section.4.5}% 25
\BOOKMARK [2][-]{subsection.4.5.3}{Manipulation der Sprachsignale}{section.4.5}% 26
\BOOKMARK [2][-]{subsection.4.5.4}{Experimentdesign}{section.4.5}% 27
\BOOKMARK [2][-]{subsection.4.5.5}{Percy - die Praesentation der Stimuli und Fragen fuer die Hoerer}{section.4.5}% 28
\BOOKMARK [2][-]{subsection.4.5.6}{Probandenauswahl a posteriori}{section.4.5}% 29
\BOOKMARK [0][-]{chapter.5}{Datenanalyse}{}% 30
\BOOKMARK [1][-]{section.5.1}{Demographische Auswertung der Teilnehmerdaten}{chapter.5}% 31
\BOOKMARK [1][-]{section.5.2}{Vergleich der eigenen Daten mit der Evaluation des Magdeburger Sprachkorpus}{chapter.5}% 32
\BOOKMARK [1][-]{section.5.3}{Vergleich der Emotionswahrnehmung von armenischen und deutschen H\366rern}{chapter.5}% 33
\BOOKMARK [2][-]{subsection.5.3.1}{intrakulturelle Unterschiede, Persoenlichkeitsunterschied}{section.5.3}% 34
\BOOKMARK [2][-]{subsection.5.3.2}{Freude}{section.5.3}% 35
\BOOKMARK [2][-]{subsection.5.3.3}{Trauer}{section.5.3}% 36
\BOOKMARK [2][-]{subsection.5.3.4}{Neutral}{section.5.3}% 37
\BOOKMARK [2][-]{subsection.5.3.5}{Ekel}{section.5.3}% 38
\BOOKMARK [2][-]{subsection.5.3.6}{Angst}{section.5.3}% 39
\BOOKMARK [2][-]{subsection.5.3.7}{Wut}{section.5.3}% 40
\BOOKMARK [0][-]{chapter.6}{Fazit}{}% 41
\BOOKMARK [0][-]{chapter*.37}{Literatur}{}% 42
\BOOKMARK [0][-]{chapter*.38}{Appendix}{}% 43
\BOOKMARK [1][-]{section.Alph0.1}{Fragen zur Pers\366nlichkeit}{chapter*.38}% 44
\BOOKMARK [1][-]{section.Alph0.2}{Das armenische Alphabet}{chapter*.38}% 45
